C51 COMPILER V9.60.0.0   MOTOR                                                             06/17/2022 15:00:10 PAGE 1   


C51 COMPILER V9.60.0.0, COMPILATION OF MODULE MOTOR
OBJECT MODULE PLACED IN .\Objects\motor.obj
COMPILER INVOKED BY: C:\Keil_v5\C51\BIN\C51.EXE motor.c OPTIMIZE(8,SPEED) BROWSE DEBUG OBJECTEXTEND PRINT(.\Listings\mot
                    -or.lst) TABS(2) OBJECT(.\Objects\motor.obj)

line level    source

   1          
   2          
   3          #include <REGX51.H>
   4          #include "delay.h"
   5          sbit OUT = P1^3;
   6          unsigned char TH_H,TL_H,TH_L,TL_L;
   7          
   8          
   9          void DataPro(unsigned int temp){
  10   1       
  11   1                 TH_H=(65536-temp)/256;
  12   1                TL_H=(65536-temp)%256;
  13   1                TH_L=(46536+temp)/256;
  14   1                TL_L=(46536+temp)%256;
  15   1                EA=1;           
  16   1                ET0=1;          
  17   1                TR0=1;  
  18   1              DelayMs(222);
  19   1        DelayMs(222);
  20   1        DelayMs(222);
  21   1        ET0=0;
  22   1        TR0=0;
  23   1        TH0=0;    
  24   1        TL0=0;
  25   1      }
  26          
  27          
  28          void Timer0_isr(void) interrupt 1
  29          {
  30   1      if(OUT)
  31   1       {
  32   2       TH0=TH_L;     
  33   2       TL0=TL_L;
  34   2       }
  35   1      else
  36   1       {
  37   2        TH0=TH_H;     
  38   2        TL0=TL_H;
  39   2        }
  40   1      OUT=!OUT;
  41   1      }


MODULE INFORMATION:   STATIC OVERLAYABLE
   CODE SIZE        =    179    ----
   CONSTANT SIZE    =   ----    ----
   XDATA SIZE       =   ----    ----
   PDATA SIZE       =   ----    ----
   DATA SIZE        =      4       2
   IDATA SIZE       =   ----    ----
   BIT SIZE         =   ----    ----
END OF MODULE INFORMATION.


C51 COMPILATION COMPLETE.  0 WARNING(S),  0 ERROR(S)
